<?xml version="1.0" encoding="UTF-8"?>
<testng-results ignored="0" total="2" passed="2" failed="0" skipped="0">
  <reporter-output>
  </reporter-output>
  <suite started-at="2023-09-24T16:24:50 EET" name="Default Suite" finished-at="2023-09-24T16:24:52 EET" duration-ms="2205">
    <groups>
    </groups>
    <test started-at="2023-09-24T16:24:50 EET" name="Salma" finished-at="2023-09-24T16:24:52 EET" duration-ms="2205">
      <class name="test">
        <test-method signature="testGetRequest()[pri:0, instance:test@1efee8e7]" started-at="2023-09-24T16:24:50 EET" name="testGetRequest" finished-at="2023-09-24T16:24:52 EET" duration-ms="1835" status="PASS">
          <reporter-output>
          </reporter-output>
        </test-method> <!-- testGetRequest -->
        <test-method signature="testPOSTRequest(java.lang.String,java.lang.String)[pri:0, instance:test@1efee8e7]" started-at="2023-09-24T16:24:52 EET" name="testPOSTRequest" finished-at="2023-09-24T16:24:52 EET" duration-ms="321" status="PASS">
          <params>
            <param index="0">
              <value is-null="true"/>
            </param>
            <param index="1">
              <value is-null="true"/>
            </param>
          </params>
          <reporter-output>
          </reporter-output>
        </test-method> <!-- testPOSTRequest -->
      </class> <!-- test -->
    </test> <!-- Salma -->
  </suite> <!-- Default Suite -->
</testng-results>
